0: gtVrDuiDfck831PqWsLEZy5gyDz1clto
1: ZluruAthQk7Q2MqmDeTiUij2ZvWy2mBi
2: sJIJNW6ucpu6HPZ1ZAchaDtwd7oGrD14
3: Z9tkRkWmpt9Qr7XrR5jWRkgOU901swEZ
4: iX6IOfmpN7AYOQGPwtn3fXpbaJVJcHfq
5: aGoY4q2Dc6MgDq4oL4YtoKtyAg9PeHa1
6: 7z3hEENjQtflzgnT29q7wAvMNfZdh0i9
7: DBfUBfqQG69KvJvJ1iAbMoIpwSNQ9bWe
8: W0mMhUcRRnG8dcghE4qvk3JA9lGt8nDl
9: nOpp1igQAkUzaI1GUUjzn1bFVj7xCNzu
10:
11:
12:
13:
14:
15:
16: 8Ps3H0GWbn5rd9S7GmAdgQNdkhPkq9cw
17:
18: 4IwIrekcuZlA9OsjOkoUtwU6lhokCPYs
19: eofm3Wsshxc5bwtVnEuGIlr7ivb9KABF
20: IFekPyrQXftziDEsUr3x21sYuahypdgJ
21: chG9fbe1Tq2eWVMgjYYD1MsfIvN461kJ
22: D0vlad33nQF0Hz2EP255TP5wSW9ZsRSE
23: OsRmXFguozKpTZZ5X14zNO43379LZveg
24: GHF6X7YwACaYYssHVY05cFq83hRktl4c
25: oGgWAJ7zcGT28vYazGo4rkhOPDhBu34T
26: 55TBjpPZUUJgVP5b3BnbG6ON9uDPVzCJ
